_________________________________________________________________________________
Generated Quads for the program
  0 : t000	=	0
  1 : reversedInteger	=	t000
  2 : t001	=	t000
  3 : param	_0
  4 : t002	=	call printStr, 1
  5 : param	_1
  6 : t003	=	call printStr, 1
  7 : t004	=	& err
  8 : param	t004
  9 : t005	=	call readInt, 1
 10 : n	=	t005
 11 : t006	=	t005
 12 : originalInteger	=	n
 13 : t007	=	n
 14 : t008	=	0
 15 : if  n !=t008	goto 18
 16 : goto 32
 17 : goto 32
 18 : t009	=	10
 19 : t010	=	n % t009
 20 : remainder	=	t010
 21 : t011	=	t010
 22 : t012	=	10
 23 : t013	=	reversedInteger * t012
 24 : t014	=	t013 + remainder
 25 : reversedInteger	=	t014
 26 : t015	=	t014
 27 : t016	=	10
 28 : t017	=	n / t016
 29 : n	=	t017
 30 : t018	=	t017
 31 : goto 14
 32 : if  originalInteger ==reversedInteger	goto 35
 33 : goto 38
 34 : goto 41
 35 : param	_2
 36 : t019	=	call printStr, 1
 37 : goto 41
 38 : param	_3
 39 : t020	=	call printStr, 1
 40 : goto 41
 41 : param	_4
 42 : t021	=	call printStr, 1
 43 : t022	=	0
 44 : return	t022
_________________________________________________________________________________
Symbol table Maintained For the Given Program
____________________________________________ Global ____________________________________________
Offset = 0
Start Quad Index = 0
End Quad Index =  0
Name	Value	var_type	size	Offset	Type

printInt	null	func		0	-1	ptr-to-St( Global )Int
readInt	null	func		0	-1	ptr-to-St( Global )Int
printStr	null	func		0	-1	ptr-to-St( Global )Int
main	null	func		0	-1	ptr-to-St( main )Int

x-x-x-x-x-x-x-x-x-x-x-x-x-x-x-x-x-x-x-x-x-x-x-x-x-x-x-x-x-x-x-x-x-x-x-x-x-x-x-x-x-x-x-x-x-x-x-
_________________________________________________________________________________
____________________________________________ main ____________________________________________
Offset = -116
Start Quad Index = 0
End Quad Index =  44
Name	Value	var_type	size	Offset	Type

retVal	null	return		4	0	Int
n	null	local		4	-4	Int
reversedInteger	null	local		4	-8	Int
remainder	null	local		4	-12	Int
originalInteger	null	local		4	-16	Int
t000	0	temp		4	-20	Int
t001	null	temp		4	-24	Int
t002	null	temp		4	-28	Int
t003	null	temp		4	-32	Int
err	null	local		4	-36	Int
t004	null	temp		8	-44	ptr(Int)
t005	null	temp		4	-48	Int
t006	null	temp		4	-52	Int
t007	null	temp		4	-56	Int
t008	0	temp		4	-60	Int
t009	10	temp		4	-64	Int
t010	null	temp		4	-68	Int
t011	null	temp		4	-72	Int
t012	10	temp		4	-76	Int
t013	null	temp		4	-80	Int
t014	null	temp		4	-84	Int
t015	null	temp		4	-88	Int
t016	10	temp		4	-92	Int
t017	null	temp		4	-96	Int
t018	null	temp		4	-100	Int
t019	null	temp		4	-104	Int
t020	null	temp		4	-108	Int
t021	null	temp		4	-112	Int
t022	0	temp		4	-116	Int

x-x-x-x-x-x-x-x-x-x-x-x-x-x-x-x-x-x-x-x-x-x-x-x-x-x-x-x-x-x-x-x-x-x-x-x-x-x-x-x-x-x-x-x-x-x-x-
